2021-10-28 16:26:08.831  INFO 24040 --- [restartedMain] e.s.SpringbootActuatorExampleApplication : Starting SpringbootActuatorExampleApplication using Java 1.8.0_221 on OPBL-5CG933380P with PID 24040 (D:\workspace\springboot-monitoring-dashobard-example\springboot-actuator-example\bin\main started by rgupta in D:\workspace\springboot-monitoring-dashobard-example\springboot-actuator-example)
2021-10-28 16:26:08.833  INFO 24040 --- [restartedMain] e.s.SpringbootActuatorExampleApplication : No active profile set, falling back to default profiles: default
2021-10-28 16:26:08.939  INFO 24040 --- [restartedMain] .e.DevToolsPropertyDefaultsPostProcessor : Devtools property defaults active! Set 'spring.devtools.add-properties' to 'false' to disable
2021-10-28 16:26:08.942  INFO 24040 --- [restartedMain] .e.DevToolsPropertyDefaultsPostProcessor : For additional web related logging consider setting the 'logging.level.web' property to 'DEBUG'
2021-10-28 16:26:46.579  INFO 19892 --- [restartedMain] e.s.SpringbootActuatorExampleApplication : Starting SpringbootActuatorExampleApplication using Java 1.8.0_221 on OPBL-5CG933380P with PID 19892 (D:\workspace\springboot-monitoring-dashobard-example\springboot-actuator-example\bin\main started by rgupta in D:\workspace\springboot-monitoring-dashobard-example\springboot-actuator-example)
2021-10-28 16:26:46.581  INFO 19892 --- [restartedMain] e.s.SpringbootActuatorExampleApplication : No active profile set, falling back to default profiles: default
2021-10-28 16:26:46.679  INFO 19892 --- [restartedMain] .e.DevToolsPropertyDefaultsPostProcessor : Devtools property defaults active! Set 'spring.devtools.add-properties' to 'false' to disable
2021-10-28 16:26:46.680  INFO 19892 --- [restartedMain] .e.DevToolsPropertyDefaultsPostProcessor : For additional web related logging consider setting the 'logging.level.web' property to 'DEBUG'
2021-10-28 16:26:50.076  INFO 19892 --- [restartedMain] o.s.b.w.embedded.tomcat.TomcatWebServer  : Tomcat initialized with port(s): 8080 (http)
2021-10-28 16:26:50.105  INFO 19892 --- [restartedMain] o.apache.catalina.core.StandardService   : Starting service [Tomcat]
2021-10-28 16:26:50.106  INFO 19892 --- [restartedMain] org.apache.catalina.core.StandardEngine  : Starting Servlet engine: [Apache Tomcat/9.0.54]
2021-10-28 16:26:50.354  INFO 19892 --- [restartedMain] o.a.c.c.C.[Tomcat].[localhost].[/]       : Initializing Spring embedded WebApplicationContext
2021-10-28 16:26:50.355  INFO 19892 --- [restartedMain] w.s.c.ServletWebServerApplicationContext : Root WebApplicationContext: initialization completed in 3673 ms
2021-10-28 16:26:50.698  WARN 19892 --- [restartedMain] o.s.boot.actuate.endpoint.EndpointId     : Endpoint ID 'release-notes' contains invalid characters, please migrate to a valid format.
2021-10-28 16:26:51.974  INFO 19892 --- [restartedMain] o.s.b.d.a.OptionalLiveReloadServer       : LiveReload server is running on port 35729
2021-10-28 16:26:51.993  INFO 19892 --- [restartedMain] o.s.b.a.e.web.EndpointLinksResolver      : Exposing 16 endpoint(s) beneath base path '/actuator'
2021-10-28 16:26:52.097  INFO 19892 --- [restartedMain] o.s.b.w.embedded.tomcat.TomcatWebServer  : Tomcat started on port(s): 8080 (http) with context path ''
2021-10-28 16:26:52.140  INFO 19892 --- [restartedMain] e.s.SpringbootActuatorExampleApplication : Started SpringbootActuatorExampleApplication in 6.499 seconds (JVM running for 7.895)
2021-10-28 16:26:57.386  INFO 19892 --- [registrationTask1] d.c.b.a.c.r.ApplicationRegistrator       : Application registered itself as 13109e2a785e
2021-10-28 16:27:49.571  INFO 19892 --- [http-nio-8080-exec-1] o.a.c.c.C.[Tomcat].[localhost].[/]       : Initializing Spring DispatcherServlet 'dispatcherServlet'
2021-10-28 16:27:49.572  INFO 19892 --- [http-nio-8080-exec-1] o.s.web.servlet.DispatcherServlet        : Initializing Servlet 'dispatcherServlet'
2021-10-28 16:27:49.576  INFO 19892 --- [http-nio-8080-exec-1] o.s.web.servlet.DispatcherServlet        : Completed initialization in 3 ms
2021-10-28 16:32:34.773  INFO 19320 --- [restartedMain] e.s.SpringbootActuatorExampleApplication : Starting SpringbootActuatorExampleApplication using Java 1.8.0_221 on OPBL-5CG933380P with PID 19320 (D:\workspace\springboot-monitoring-dashobard-example\springboot-actuator-example\bin\main started by rgupta in D:\workspace\springboot-monitoring-dashobard-example\springboot-actuator-example)
2021-10-28 16:32:34.775  INFO 19320 --- [restartedMain] e.s.SpringbootActuatorExampleApplication : No active profile set, falling back to default profiles: default
2021-10-28 16:32:34.890  INFO 19320 --- [restartedMain] .e.DevToolsPropertyDefaultsPostProcessor : Devtools property defaults active! Set 'spring.devtools.add-properties' to 'false' to disable
2021-10-28 16:32:34.891  INFO 19320 --- [restartedMain] .e.DevToolsPropertyDefaultsPostProcessor : For additional web related logging consider setting the 'logging.level.web' property to 'DEBUG'
2021-10-28 16:32:38.343  INFO 19320 --- [restartedMain] o.s.b.w.embedded.tomcat.TomcatWebServer  : Tomcat initialized with port(s): 8080 (http)
2021-10-28 16:32:38.366  INFO 19320 --- [restartedMain] o.apache.catalina.core.StandardService   : Starting service [Tomcat]
2021-10-28 16:32:38.367  INFO 19320 --- [restartedMain] org.apache.catalina.core.StandardEngine  : Starting Servlet engine: [Apache Tomcat/9.0.54]
2021-10-28 16:32:38.569  INFO 19320 --- [restartedMain] o.a.c.c.C.[Tomcat].[localhost].[/]       : Initializing Spring embedded WebApplicationContext
2021-10-28 16:32:38.569  INFO 19320 --- [restartedMain] w.s.c.ServletWebServerApplicationContext : Root WebApplicationContext: initialization completed in 3677 ms
2021-10-28 16:32:38.924  WARN 19320 --- [restartedMain] o.s.boot.actuate.endpoint.EndpointId     : Endpoint ID 'release-notes' contains invalid characters, please migrate to a valid format.
2021-10-28 16:32:40.149  INFO 19320 --- [restartedMain] o.s.b.d.a.OptionalLiveReloadServer       : LiveReload server is running on port 35729
2021-10-28 16:32:40.165  INFO 19320 --- [restartedMain] o.s.b.a.e.web.EndpointLinksResolver      : Exposing 16 endpoint(s) beneath base path '/actuator'
2021-10-28 16:32:40.257  INFO 19320 --- [restartedMain] o.s.b.w.embedded.tomcat.TomcatWebServer  : Tomcat started on port(s): 8080 (http) with context path ''
2021-10-28 16:32:40.289  INFO 19320 --- [restartedMain] e.s.SpringbootActuatorExampleApplication : Started SpringbootActuatorExampleApplication in 6.495 seconds (JVM running for 7.839)
2021-10-28 16:32:45.347  INFO 19320 --- [registrationTask1] d.c.b.a.c.r.ApplicationRegistrator       : Application registered itself as 13109e2a785e
2021-10-28 16:33:14.192  INFO 19320 --- [http-nio-8080-exec-1] o.a.c.c.C.[Tomcat].[localhost].[/]       : Initializing Spring DispatcherServlet 'dispatcherServlet'
2021-10-28 16:33:14.193  INFO 19320 --- [http-nio-8080-exec-1] o.s.web.servlet.DispatcherServlet        : Initializing Servlet 'dispatcherServlet'
2021-10-28 16:33:14.196  INFO 19320 --- [http-nio-8080-exec-1] o.s.web.servlet.DispatcherServlet        : Completed initialization in 2 ms
2021-10-28 16:34:37.190  INFO 28892 --- [restartedMain] e.s.SpringbootActuatorExampleApplication : Starting SpringbootActuatorExampleApplication using Java 1.8.0_221 on OPBL-5CG933380P with PID 28892 (D:\workspace\springboot-monitoring-dashobard-example\springboot-actuator-example\bin\main started by rgupta in D:\workspace\springboot-monitoring-dashobard-example\springboot-actuator-example)
2021-10-28 16:34:37.193  INFO 28892 --- [restartedMain] e.s.SpringbootActuatorExampleApplication : No active profile set, falling back to default profiles: default
2021-10-28 16:34:37.294  INFO 28892 --- [restartedMain] .e.DevToolsPropertyDefaultsPostProcessor : Devtools property defaults active! Set 'spring.devtools.add-properties' to 'false' to disable
2021-10-28 16:34:37.295  INFO 28892 --- [restartedMain] .e.DevToolsPropertyDefaultsPostProcessor : For additional web related logging consider setting the 'logging.level.web' property to 'DEBUG'
2021-10-28 16:34:40.580  INFO 28892 --- [restartedMain] o.s.b.w.embedded.tomcat.TomcatWebServer  : Tomcat initialized with port(s): 8080 (http)
2021-10-28 16:34:40.599  INFO 28892 --- [restartedMain] o.apache.catalina.core.StandardService   : Starting service [Tomcat]
2021-10-28 16:34:40.600  INFO 28892 --- [restartedMain] org.apache.catalina.core.StandardEngine  : Starting Servlet engine: [Apache Tomcat/9.0.54]
2021-10-28 16:34:40.820  INFO 28892 --- [restartedMain] o.a.c.c.C.[Tomcat].[localhost].[/]       : Initializing Spring embedded WebApplicationContext
2021-10-28 16:34:40.821  INFO 28892 --- [restartedMain] w.s.c.ServletWebServerApplicationContext : Root WebApplicationContext: initialization completed in 3525 ms
2021-10-28 16:34:41.175  WARN 28892 --- [restartedMain] o.s.boot.actuate.endpoint.EndpointId     : Endpoint ID 'release-notes' contains invalid characters, please migrate to a valid format.
2021-10-28 16:34:42.425  INFO 28892 --- [restartedMain] o.s.b.d.a.OptionalLiveReloadServer       : LiveReload server is running on port 35729
2021-10-28 16:34:42.440  INFO 28892 --- [restartedMain] o.s.b.a.e.web.EndpointLinksResolver      : Exposing 16 endpoint(s) beneath base path '/actuator'
2021-10-28 16:34:42.529  INFO 28892 --- [restartedMain] o.s.b.w.embedded.tomcat.TomcatWebServer  : Tomcat started on port(s): 8080 (http) with context path ''
2021-10-28 16:34:42.559  INFO 28892 --- [restartedMain] e.s.SpringbootActuatorExampleApplication : Started SpringbootActuatorExampleApplication in 6.354 seconds (JVM running for 7.807)
2021-10-28 16:34:47.782  INFO 28892 --- [registrationTask1] d.c.b.a.c.r.ApplicationRegistrator       : Application registered itself as 13109e2a785e
2021-10-28 16:39:29.218  INFO 21336 --- [restartedMain] e.s.SpringbootActuatorExampleApplication : Starting SpringbootActuatorExampleApplication using Java 1.8.0_221 on OPBL-5CG933380P with PID 21336 (D:\workspace\springboot-monitoring-dashobard-example\springboot-actuator-example\bin\main started by rgupta in D:\workspace\springboot-monitoring-dashobard-example\springboot-actuator-example)
2021-10-28 16:39:29.220  INFO 21336 --- [restartedMain] e.s.SpringbootActuatorExampleApplication : No active profile set, falling back to default profiles: default
2021-10-28 16:39:29.326  INFO 21336 --- [restartedMain] .e.DevToolsPropertyDefaultsPostProcessor : Devtools property defaults active! Set 'spring.devtools.add-properties' to 'false' to disable
2021-10-28 16:39:29.327  INFO 21336 --- [restartedMain] .e.DevToolsPropertyDefaultsPostProcessor : For additional web related logging consider setting the 'logging.level.web' property to 'DEBUG'
2021-10-28 16:39:32.606  INFO 21336 --- [restartedMain] o.s.b.w.embedded.tomcat.TomcatWebServer  : Tomcat initialized with port(s): 8080 (http)
2021-10-28 16:39:32.627  INFO 21336 --- [restartedMain] o.apache.catalina.core.StandardService   : Starting service [Tomcat]
2021-10-28 16:39:32.629  INFO 21336 --- [restartedMain] org.apache.catalina.core.StandardEngine  : Starting Servlet engine: [Apache Tomcat/9.0.54]
2021-10-28 16:39:32.851  INFO 21336 --- [restartedMain] o.a.c.c.C.[Tomcat].[localhost].[/]       : Initializing Spring embedded WebApplicationContext
2021-10-28 16:39:32.852  INFO 21336 --- [restartedMain] w.s.c.ServletWebServerApplicationContext : Root WebApplicationContext: initialization completed in 3524 ms
2021-10-28 16:39:33.200  WARN 21336 --- [restartedMain] o.s.boot.actuate.endpoint.EndpointId     : Endpoint ID 'release-notes' contains invalid characters, please migrate to a valid format.
2021-10-28 16:39:34.346  INFO 21336 --- [restartedMain] o.s.b.d.a.OptionalLiveReloadServer       : LiveReload server is running on port 35729
2021-10-28 16:39:34.364  INFO 21336 --- [restartedMain] o.s.b.a.e.web.EndpointLinksResolver      : Exposing 16 endpoint(s) beneath base path '/actuator'
2021-10-28 16:39:34.477  INFO 21336 --- [restartedMain] o.s.b.w.embedded.tomcat.TomcatWebServer  : Tomcat started on port(s): 8080 (http) with context path ''
2021-10-28 16:39:34.513  INFO 21336 --- [restartedMain] e.s.SpringbootActuatorExampleApplication : Started SpringbootActuatorExampleApplication in 6.28 seconds (JVM running for 7.749)
2021-10-28 16:39:39.947  INFO 21336 --- [registrationTask1] d.c.b.a.c.r.ApplicationRegistrator       : Application registered itself as 13109e2a785e
2021-10-28 16:39:40.002  INFO 21336 --- [http-nio-8080-exec-1] o.a.c.c.C.[Tomcat].[localhost].[/]       : Initializing Spring DispatcherServlet 'dispatcherServlet'
2021-10-28 16:39:40.003  INFO 21336 --- [http-nio-8080-exec-1] o.s.web.servlet.DispatcherServlet        : Initializing Servlet 'dispatcherServlet'
2021-10-28 16:39:40.007  INFO 21336 --- [http-nio-8080-exec-1] o.s.web.servlet.DispatcherServlet        : Completed initialization in 3 ms
